<?xml version="1.0" encoding="UTF-8"?>
<!-- Generated by org.testng.reporters.JUnitReportReporter -->
<testsuite hostname="Kanupriya" failures="0" tests="7" name="com.application.tests.ApplicationTest" time="34.820" errors="0" timestamp="2023-06-13T10:00:22 BST" skipped="0">
  <testcase classname="com.application.tests.ApplicationTest" name="verifyApplicationIsLaunchedSuccessfully" time="4.087"/>
  <system-out/>
  <testcase classname="com.application.tests.ApplicationTest" name="verifyApplicationLogoAndCaption" time="3.509"/>
  <system-out/>
  <testcase classname="com.application.tests.ApplicationTest" name="verifyApplicationHeader" time="4.022"/>
  <system-out/>
  <testcase classname="com.application.tests.ApplicationTest" name="verifyApplicationLoginIsSuccessful" time="8.387"/>
  <system-out/>
  <testcase classname="com.application.tests.ApplicationTest" name="verifyApplicationLoginIsSuccessful" time="6.581"/>
  <system-out/>
  <testcase classname="com.application.tests.ApplicationTest" name="verifyRegistrationPageIsLaunched" time="4.009"/>
  <system-out/>
  <testcase classname="com.application.tests.ApplicationTest" name="verifyForgotPasswordPageIsLaunched" time="4.225"/>
  <system-out/>
</testsuite> <!-- com.application.tests.ApplicationTest -->
